<?xml version="1.0" encoding="UTF-8"?>
<testng-results ignored="0" total="2" passed="2" failed="0" skipped="0">
  <reporter-output>
  </reporter-output>
  <suite started-at="2023-08-19T00:47:28 TRT" name="Surefire suite" finished-at="2023-08-19T00:48:05 TRT" duration-ms="37305">
    <groups>
      <group name="cucumber">
        <method signature="AbstractTestNGCucumberTests.runScenario(io.cucumber.testng.PickleWrapper,io.cucumber.testng.FeatureWrapper)[pri:0, instance:Runners._04_TestRunnerSmoke@5223e5ee]" name="runScenario" class="io.cucumber.testng.AbstractTestNGCucumberTests"/>
      </group> <!-- cucumber -->
    </groups>
    <test started-at="2023-08-19T00:47:28 TRT" name="Surefire test" finished-at="2023-08-19T00:48:05 TRT" duration-ms="37305">
      <class name="Runners._04_TestRunnerSmoke">
        <test-method is-config="true" signature="setUpClass(org.testng.ITestContext)[pri:0, instance:Runners._04_TestRunnerSmoke@5223e5ee]" started-at="2023-08-19T00:47:28 TRT" name="setUpClass" finished-at="2023-08-19T00:47:29 TRT" duration-ms="1326" status="PASS">
          <params>
            <param index="0">
              <value>
                <![CDATA[org.testng.TestRunner@7db5b890]]>
              </value>
            </param>
          </params>
          <reporter-output>
          </reporter-output>
        </test-method> <!-- setUpClass -->
        <test-method signature="runScenario(io.cucumber.testng.PickleWrapper,io.cucumber.testng.FeatureWrapper)[pri:0, instance:Runners._04_TestRunnerSmoke@5223e5ee]" started-at="2023-08-19T00:47:29 TRT" name="runScenario" description="Runs Cucumber Scenarios" data-provider="scenarios" finished-at="2023-08-19T00:47:48 TRT" duration-ms="18055" status="PASS">
          <params>
            <param index="0">
              <value>
                <![CDATA["Login with valid username and password"]]>
              </value>
            </param>
            <param index="1">
              <value>
                <![CDATA["Login Functionality"]]>
              </value>
            </param>
          </params>
          <reporter-output>
          </reporter-output>
        </test-method> <!-- runScenario -->
        <test-method signature="runScenario(io.cucumber.testng.PickleWrapper,io.cucumber.testng.FeatureWrapper)[pri:0, instance:Runners._04_TestRunnerSmoke@5223e5ee]" started-at="2023-08-19T00:47:48 TRT" name="runScenario" description="Runs Cucumber Scenarios" data-provider="scenarios" finished-at="2023-08-19T00:48:05 TRT" duration-ms="17753" status="PASS">
          <params>
            <param index="0">
              <value>
                <![CDATA["Create Country"]]>
              </value>
            </param>
            <param index="1">
              <value>
                <![CDATA["Country Functionality"]]>
              </value>
            </param>
          </params>
          <reporter-output>
          </reporter-output>
        </test-method> <!-- runScenario -->
        <test-method is-config="true" signature="tearDownClass()[pri:0, instance:Runners._04_TestRunnerSmoke@5223e5ee]" started-at="2023-08-19T00:48:05 TRT" name="tearDownClass" finished-at="2023-08-19T00:48:05 TRT" duration-ms="66" status="PASS">
          <reporter-output>
          </reporter-output>
        </test-method> <!-- tearDownClass -->
      </class> <!-- Runners._04_TestRunnerSmoke -->
    </test> <!-- Surefire test -->
  </suite> <!-- Surefire suite -->
</testng-results>
